<?xml version="1.0" ?>
<coverage version="7.13.5" timestamp="1776348551417" lines-valid="11" lines-covered="11" line-rate="1" branches-valid="4" branches-covered="4" branch-rate="1" complexity="0">
	<!-- Generated by coverage.py: https://coverage.readthedocs.io/en/7.13.5 -->
	<!-- Based on https://raw.githubusercontent.com/cobertura/web/master/htdocs/xml/coverage-04.dtd -->
	<sources>
		<source>c:\users\vespertino\desktop\bioguard_project\src\main\python</source>
	</sources>
	<packages>
		<package name="." line-rate="1" branch-rate="1" complexity="0">
			<classes>
				<class name="_-init__.py" filename="_-init__.py" complexity="0" line-rate="1" branch-rate="1">
					<methods/>
					<lines/>
				</class>
				<class name="__init__.py" filename="__init__.py" complexity="0" line-rate="1" branch-rate="1">
					<methods/>
					<lines/>
				</class>
				<class name="inventory.py" filename="inventory.py" complexity="0" line-rate="1" branch-rate="1">
					<methods/>
					<lines>
						<line number="1" hits="1"/>
						<line number="2" hits="1"/>
						<line number="3" hits="1"/>
						<line number="5" hits="1"/>
						<line number="6" hits="1" branch="true" condition-coverage="100% (2/2)"/>
						<line number="7" hits="1"/>
						<line number="8" hits="1"/>
					</lines>
				</class>
				<class name="validator.py" filename="validator.py" complexity="0" line-rate="1" branch-rate="1">
					<methods/>
					<lines>
						<line number="1" hits="1"/>
						<line number="5" hits="1" branch="true" condition-coverage="100% (2/2)"/>
						<line number="6" hits="1"/>
						<line number="7" hits="1"/>
					</lines>
				</class>
			</classes>
		</package>
	</packages>
</coverage>
