<?xml version="1.0" encoding="UTF-8"?>
<testsuite name="inventory_tests.TestBioGuard-20260325200226" tests="3" file="inventory_tests.py" time="0.003" timestamp="2026-03-25T20:02:27" failures="0" errors="0" skipped="0">
	<testcase classname="inventory_tests.TestBioGuard" name="test_exception_negative_qty" time="0.001" timestamp="2026-03-25T20:02:27"/>
	<testcase classname="inventory_tests.TestBioGuard" name="test_range_temperature" time="0.001" timestamp="2026-03-25T20:02:27"/>
	<testcase classname="inventory_tests.TestBioGuard" name="test_stock_incremental" time="0.001" timestamp="2026-03-25T20:02:27"/>
</testsuite>
