<?xml version="1.0" encoding="UTF-8"?>
<testsuite name="inventory_tests.TestBioGuard-20260416160910" tests="3" file="inventory_tests.py" time="0.000" timestamp="2026-04-16T16:09:10" failures="0" errors="0" skipped="0">
	<testcase classname="inventory_tests.TestBioGuard" name="test_exception_negative_qty" time="0.000" timestamp="2026-04-16T16:09:10"/>
	<testcase classname="inventory_tests.TestBioGuard" name="test_range_temperature" time="0.000" timestamp="2026-04-16T16:09:10"/>
	<testcase classname="inventory_tests.TestBioGuard" name="test_stock_incremental" time="0.000" timestamp="2026-04-16T16:09:10"/>
</testsuite>
